Determining if the pthread_create exist failed with the following output:
Change Dir: /home/ubuntu/subo_rpi/build/CMakeFiles/CMakeTmp

Run Build Command:"/usr/bin/make" "cmTC_7b856/fast"
/usr/bin/make -f CMakeFiles/cmTC_7b856.dir/build.make CMakeFiles/cmTC_7b856.dir/build
make[1]: Entering directory '/home/ubuntu/subo_rpi/build/CMakeFiles/CMakeTmp'
Building C object CMakeFiles/cmTC_7b856.dir/CheckSymbolExists.c.o
/usr/bin/cc     -o CMakeFiles/cmTC_7b856.dir/CheckSymbolExists.c.o   -c /home/ubuntu/subo_rpi/build/CMakeFiles/CMakeTmp/CheckSymbolExists.c
Linking C executable cmTC_7b856
/usr/bin/cmake -E cmake_link_script CMakeFiles/cmTC_7b856.dir/link.txt --verbose=1
/usr/bin/cc       CMakeFiles/cmTC_7b856.dir/CheckSymbolExists.c.o  -o cmTC_7b856 -rdynamic 
CMakeFiles/cmTC_7b856.dir/CheckSymbolExists.c.o: In function `main':
CheckSymbolExists.c:(.text+0xe): undefined reference to `pthread_create'
CheckSymbolExists.c:(.text+0x12): undefined reference to `pthread_create'
collect2: error: ld returned 1 exit status
CMakeFiles/cmTC_7b856.dir/build.make:97: recipe for target 'cmTC_7b856' failed
make[1]: *** [cmTC_7b856] Error 1
make[1]: Leaving directory '/home/ubuntu/subo_rpi/build/CMakeFiles/CMakeTmp'
Makefile:126: recipe for target 'cmTC_7b856/fast' failed
make: *** [cmTC_7b856/fast] Error 2

File /home/ubuntu/subo_rpi/build/CMakeFiles/CMakeTmp/CheckSymbolExists.c:
/* */
#include <pthread.h>

int main(int argc, char** argv)
{
  (void)argv;
#ifndef pthread_create
  return ((int*)(&pthread_create))[argc];
#else
  (void)argc;
  return 0;
#endif
}

Determining if the function pthread_create exists in the pthreads failed with the following output:
Change Dir: /home/ubuntu/subo_rpi/build/CMakeFiles/CMakeTmp

Run Build Command:"/usr/bin/make" "cmTC_ffe40/fast"
/usr/bin/make -f CMakeFiles/cmTC_ffe40.dir/build.make CMakeFiles/cmTC_ffe40.dir/build
make[1]: Entering directory '/home/ubuntu/subo_rpi/build/CMakeFiles/CMakeTmp'
make[1]: Warning: File '/usr/share/cmake-3.5/Modules/CheckFunctionExists.c' has modification time 3616028 s in the future
Building C object CMakeFiles/cmTC_ffe40.dir/CheckFunctionExists.c.o
/usr/bin/cc    -DCHECK_FUNCTION_EXISTS=pthread_create   -o CMakeFiles/cmTC_ffe40.dir/CheckFunctionExists.c.o   -c /usr/share/cmake-3.5/Modules/CheckFunctionExists.c
Linking C executable cmTC_ffe40
/usr/bin/cmake -E cmake_link_script CMakeFiles/cmTC_ffe40.dir/link.txt --verbose=1
/usr/bin/cc   -DCHECK_FUNCTION_EXISTS=pthread_create    CMakeFiles/cmTC_ffe40.dir/CheckFunctionExists.c.o  -o cmTC_ffe40 -rdynamic -lpthreads 
/usr/bin/ld: cannot find -lpthreads
collect2: error: ld returned 1 exit status
CMakeFiles/cmTC_ffe40.dir/build.make:97: recipe for target 'cmTC_ffe40' failed
make[1]: *** [cmTC_ffe40] Error 1
make[1]: Leaving directory '/home/ubuntu/subo_rpi/build/CMakeFiles/CMakeTmp'
Makefile:126: recipe for target 'cmTC_ffe40/fast' failed
make: *** [cmTC_ffe40/fast] Error 2


